2025-07-21 15:38:49.107 [JavaFX Application Thread] DEBUG model.Game - Game instance created
2025-07-21 15:38:49.109 [JavaFX Application Thread] DEBUG model.Game - Returning Game instance
2025-07-21 15:39:30.025 [JavaFX Application Thread] DEBUG model.Game - Game instance created
2025-07-21 15:39:30.027 [JavaFX Application Thread] DEBUG model.Game - Returning Game instance
2025-07-21 15:39:33.789 [JavaFX Application Thread] DEBUG model.Game - Returning Game instance
2025-07-21 15:39:33.791 [JavaFX Application Thread] DEBUG model.Game - Returning Game instance
2025-07-21 15:39:36.823 [JavaFX Application Thread] DEBUG model.Game - Returning Game instance
2025-07-21 15:39:36.827 [JavaFX Application Thread] INFO  model.Game - Setting up game with NPC: NPC
2025-07-21 15:39:36.827 [JavaFX Application Thread] INFO  model.Game - Game setup complete with bet: 35
2025-07-21 15:39:36.838 [JavaFX Application Thread] DEBUG model.Game - Returning Game instance
2025-07-21 15:39:36.933 [JavaFX Application Thread] INFO  model.Game - Attempting to start the game
2025-07-21 15:39:36.933 [JavaFX Application Thread] INFO  model.Game - Game started successfully. First turn: Player
2025-07-21 15:39:50.794 [JavaFX Application Thread] DEBUG model.Game - Ending turn. Current turn was: Player
2025-07-21 15:39:50.796 [JavaFX Application Thread] INFO  model.Game - Turn changed from Player to NPC
2025-07-21 15:39:50.804 [ForkJoinPool-2-worker-1] DEBUG model.Game - Returning Game instance
2025-07-21 15:39:50.805 [ForkJoinPool-2-worker-1] DEBUG model.Game - Returning Game instance
2025-07-21 15:39:50.805 [ForkJoinPool-2-worker-2] DEBUG model.Game - Returning Game instance
2025-07-21 15:39:50.805 [ForkJoinPool-2-worker-2] DEBUG model.Game - Returning Game instance
2025-07-21 15:39:50.805 [ForkJoinPool-2-worker-3] DEBUG model.Game - Returning Game instance
2025-07-21 15:39:50.806 [ForkJoinPool-2-worker-3] DEBUG model.Game - Returning Game instance
2025-07-21 15:39:50.806 [ForkJoinPool-2-worker-7] DEBUG model.Game - Returning Game instance
2025-07-21 15:39:50.806 [ForkJoinPool-2-worker-1] DEBUG model.Game - Returning Game instance
2025-07-21 15:39:50.805 [ForkJoinPool-2-worker-4] DEBUG model.Game - Returning Game instance
2025-07-21 15:39:50.806 [ForkJoinPool-2-worker-6] DEBUG model.Game - Returning Game instance
2025-07-21 15:39:50.806 [ForkJoinPool-2-worker-7] DEBUG model.Game - Returning Game instance
2025-07-21 15:39:50.806 [ForkJoinPool-2-worker-8] DEBUG model.Game - Returning Game instance
2025-07-21 15:39:50.806 [ForkJoinPool-2-worker-1] DEBUG model.Game - Returning Game instance
2025-07-21 15:39:50.806 [ForkJoinPool-2-worker-6] DEBUG model.Game - Returning Game instance
2025-07-21 15:39:50.806 [ForkJoinPool-2-worker-8] DEBUG model.Game - Returning Game instance
2025-07-21 15:39:50.806 [ForkJoinPool-2-worker-4] DEBUG model.Game - Returning Game instance
2025-07-21 15:39:50.806 [ForkJoinPool-2-worker-5] DEBUG model.Game - Returning Game instance
2025-07-21 15:39:50.807 [ForkJoinPool-2-worker-5] DEBUG model.Game - Returning Game instance
2025-07-21 15:39:50.807 [ForkJoinPool-2-worker-9] DEBUG model.Game - Returning Game instance
2025-07-21 15:39:50.807 [ForkJoinPool-2-worker-9] DEBUG model.Game - Returning Game instance
2025-07-21 15:39:50.808 [ForkJoinPool-2-worker-10] DEBUG model.Game - Returning Game instance
2025-07-21 15:39:50.808 [ForkJoinPool-2-worker-10] DEBUG model.Game - Returning Game instance
2025-07-21 15:39:50.809 [ForkJoinPool-2-worker-10] DEBUG model.Game - Returning Game instance
2025-07-21 15:39:50.809 [ForkJoinPool-2-worker-10] DEBUG model.Game - Returning Game instance
2025-07-21 15:39:50.809 [ForkJoinPool-2-worker-5] DEBUG model.Game - Returning Game instance
2025-07-21 15:39:50.809 [ForkJoinPool-2-worker-4] DEBUG model.Game - Returning Game instance
2025-07-21 15:39:50.809 [ForkJoinPool-2-worker-10] DEBUG model.Game - Returning Game instance
2025-07-21 15:39:50.809 [ForkJoinPool-2-worker-5] DEBUG model.Game - Returning Game instance
2025-07-21 15:39:50.809 [ForkJoinPool-2-worker-4] DEBUG model.Game - Returning Game instance
2025-07-21 15:39:50.809 [ForkJoinPool-2-worker-6] DEBUG model.Game - Returning Game instance
2025-07-21 15:39:50.809 [ForkJoinPool-2-worker-10] DEBUG model.Game - Returning Game instance
2025-07-21 15:39:50.809 [ForkJoinPool-2-worker-6] DEBUG model.Game - Returning Game instance
2025-07-21 15:39:50.809 [ForkJoinPool-2-worker-10] DEBUG model.Game - Returning Game instance
2025-07-21 15:39:50.809 [ForkJoinPool-2-worker-10] DEBUG model.Game - Returning Game instance
2025-07-21 15:39:50.809 [ForkJoinPool-2-worker-10] DEBUG model.Game - Returning Game instance
2025-07-21 15:39:50.810 [ForkJoinPool-2-worker-3] DEBUG model.Game - Returning Game instance
2025-07-21 15:39:50.810 [ForkJoinPool-2-worker-10] DEBUG model.Game - Returning Game instance
2025-07-21 15:39:50.810 [ForkJoinPool-2-worker-3] DEBUG model.Game - Returning Game instance
2025-07-21 15:39:50.810 [ForkJoinPool-2-worker-10] DEBUG model.Game - Returning Game instance
2025-07-21 15:39:50.810 [ForkJoinPool-2-worker-10] DEBUG model.Game - Returning Game instance
2025-07-21 15:39:50.810 [ForkJoinPool-2-worker-10] DEBUG model.Game - Returning Game instance
2025-07-21 15:39:50.810 [ForkJoinPool-2-worker-10] DEBUG model.Game - Returning Game instance
2025-07-21 15:39:50.810 [ForkJoinPool-2-worker-4] DEBUG model.Game - Returning Game instance
2025-07-21 15:39:50.810 [ForkJoinPool-2-worker-10] DEBUG model.Game - Returning Game instance
2025-07-21 15:39:50.810 [ForkJoinPool-2-worker-2] DEBUG model.Game - Returning Game instance
2025-07-21 15:39:50.810 [ForkJoinPool-2-worker-4] DEBUG model.Game - Returning Game instance
2025-07-21 15:39:50.810 [ForkJoinPool-2-worker-10] DEBUG model.Game - Returning Game instance
2025-07-21 15:39:50.810 [ForkJoinPool-2-worker-2] DEBUG model.Game - Returning Game instance
2025-07-21 15:39:50.811 [ForkJoinPool-2-worker-4] DEBUG model.Game - Returning Game instance
2025-07-21 15:39:50.811 [ForkJoinPool-2-worker-10] DEBUG model.Game - Returning Game instance
2025-07-21 15:39:50.811 [ForkJoinPool-2-worker-2] DEBUG model.Game - Returning Game instance
2025-07-21 15:39:50.811 [ForkJoinPool-2-worker-10] DEBUG model.Game - Returning Game instance
2025-07-21 15:39:50.811 [ForkJoinPool-2-worker-2] DEBUG model.Game - Returning Game instance
2025-07-21 15:39:50.811 [ForkJoinPool-2-worker-4] DEBUG model.Game - Returning Game instance
2025-07-21 15:39:50.811 [ForkJoinPool-2-worker-10] DEBUG model.Game - Returning Game instance
2025-07-21 15:39:50.811 [ForkJoinPool-2-worker-10] DEBUG model.Game - Returning Game instance
2025-07-21 15:39:50.811 [ForkJoinPool-2-worker-2] DEBUG model.Game - Returning Game instance
2025-07-21 15:39:50.811 [ForkJoinPool-2-worker-2] DEBUG model.Game - Returning Game instance
2025-07-21 15:39:50.811 [ForkJoinPool-2-worker-4] DEBUG model.Game - Returning Game instance
2025-07-21 15:39:50.811 [ForkJoinPool-2-worker-10] DEBUG model.Game - Returning Game instance
2025-07-21 15:39:50.811 [ForkJoinPool-2-worker-10] DEBUG model.Game - Returning Game instance
2025-07-21 15:39:50.811 [ForkJoinPool-2-worker-1] DEBUG model.Game - Returning Game instance
2025-07-21 15:39:50.811 [ForkJoinPool-2-worker-10] DEBUG model.Game - Returning Game instance
2025-07-21 15:39:50.811 [ForkJoinPool-2-worker-1] DEBUG model.Game - Returning Game instance
2025-07-21 15:39:50.811 [ForkJoinPool-2-worker-2] DEBUG model.Game - Returning Game instance
2025-07-21 15:39:50.811 [ForkJoinPool-2-worker-4] DEBUG model.Game - Returning Game instance
2025-07-21 15:39:50.811 [ForkJoinPool-2-worker-1] DEBUG model.Game - Returning Game instance
2025-07-21 15:39:50.811 [ForkJoinPool-2-worker-2] DEBUG model.Game - Returning Game instance
2025-07-21 15:39:50.811 [ForkJoinPool-2-worker-10] DEBUG model.Game - Returning Game instance
2025-07-21 15:39:50.812 [ForkJoinPool-2-worker-9] DEBUG model.Game - Returning Game instance
2025-07-21 15:39:50.812 [ForkJoinPool-2-worker-4] DEBUG model.Game - Returning Game instance
2025-07-21 15:39:50.812 [ForkJoinPool-2-worker-10] DEBUG model.Game - Returning Game instance
2025-07-21 15:39:50.812 [ForkJoinPool-2-worker-9] DEBUG model.Game - Returning Game instance
2025-07-21 15:39:50.812 [ForkJoinPool-2-worker-1] DEBUG model.Game - Returning Game instance
2025-07-21 15:39:50.812 [ForkJoinPool-2-worker-4] DEBUG model.Game - Returning Game instance
2025-07-21 15:39:50.812 [ForkJoinPool-2-worker-2] DEBUG model.Game - Returning Game instance
2025-07-21 15:39:50.812 [ForkJoinPool-2-worker-10] DEBUG model.Game - Returning Game instance
2025-07-21 15:39:50.812 [ForkJoinPool-2-worker-9] DEBUG model.Game - Returning Game instance
2025-07-21 15:39:50.812 [ForkJoinPool-2-worker-4] DEBUG model.Game - Returning Game instance
2025-07-21 15:39:50.812 [ForkJoinPool-2-worker-2] DEBUG model.Game - Returning Game instance
2025-07-21 15:39:50.812 [ForkJoinPool-2-worker-10] DEBUG model.Game - Returning Game instance
2025-07-21 15:39:50.812 [ForkJoinPool-2-worker-1] DEBUG model.Game - Returning Game instance
2025-07-21 15:39:50.812 [ForkJoinPool-2-worker-10] DEBUG model.Game - Returning Game instance
2025-07-21 15:39:50.812 [ForkJoinPool-2-worker-4] DEBUG model.Game - Returning Game instance
2025-07-21 15:39:50.812 [ForkJoinPool-2-worker-9] DEBUG model.Game - Returning Game instance
2025-07-21 15:39:50.812 [ForkJoinPool-2-worker-1] DEBUG model.Game - Returning Game instance
2025-07-21 15:39:50.812 [ForkJoinPool-2-worker-10] DEBUG model.Game - Returning Game instance
2025-07-21 15:39:50.812 [ForkJoinPool-2-worker-2] DEBUG model.Game - Returning Game instance
2025-07-21 15:39:50.812 [ForkJoinPool-2-worker-6] DEBUG model.Game - Returning Game instance
2025-07-21 15:39:50.812 [ForkJoinPool-2-worker-4] DEBUG model.Game - Returning Game instance
2025-07-21 15:39:50.812 [ForkJoinPool-2-worker-10] DEBUG model.Game - Returning Game instance
2025-07-21 15:39:50.812 [ForkJoinPool-2-worker-9] DEBUG model.Game - Returning Game instance
2025-07-21 15:39:50.812 [ForkJoinPool-2-worker-1] DEBUG model.Game - Returning Game instance
2025-07-21 15:39:50.813 [ForkJoinPool-2-worker-9] DEBUG model.Game - Returning Game instance
2025-07-21 15:39:50.812 [ForkJoinPool-2-worker-2] DEBUG model.Game - Returning Game instance
2025-07-21 15:39:50.812 [ForkJoinPool-2-worker-7] DEBUG model.Game - Returning Game instance
2025-07-21 15:39:50.812 [ForkJoinPool-2-worker-6] DEBUG model.Game - Returning Game instance
2025-07-21 15:39:50.813 [ForkJoinPool-2-worker-4] DEBUG model.Game - Returning Game instance
2025-07-21 15:39:50.813 [ForkJoinPool-2-worker-7] DEBUG model.Game - Returning Game instance
2025-07-21 15:39:50.813 [ForkJoinPool-2-worker-1] DEBUG model.Game - Returning Game instance
2025-07-21 15:39:54.336 [JavaFX Application Thread] DEBUG model.Game - Ending turn. Current turn was: NPC
2025-07-21 15:39:54.337 [JavaFX Application Thread] INFO  model.Game - Turn changed from NPC to Player
2025-07-21 15:40:06.577 [JavaFX Application Thread] DEBUG model.Game - Ending turn. Current turn was: Player
2025-07-21 15:40:06.579 [JavaFX Application Thread] INFO  model.Game - Turn changed from Player to NPC
2025-07-21 15:40:06.580 [ForkJoinPool-2-worker-3] DEBUG model.Game - Returning Game instance
2025-07-21 15:40:06.580 [ForkJoinPool-2-worker-3] DEBUG model.Game - Returning Game instance
2025-07-21 15:40:06.580 [ForkJoinPool-2-worker-7] DEBUG model.Game - Returning Game instance
2025-07-21 15:40:06.580 [ForkJoinPool-2-worker-1] DEBUG model.Game - Returning Game instance
2025-07-21 15:40:06.580 [ForkJoinPool-2-worker-4] DEBUG model.Game - Returning Game instance
2025-07-21 15:40:06.580 [ForkJoinPool-2-worker-7] DEBUG model.Game - Returning Game instance
2025-07-21 15:40:06.580 [ForkJoinPool-2-worker-1] DEBUG model.Game - Returning Game instance
2025-07-21 15:40:06.580 [ForkJoinPool-2-worker-2] DEBUG model.Game - Returning Game instance
2025-07-21 15:40:06.580 [ForkJoinPool-2-worker-6] DEBUG model.Game - Returning Game instance
2025-07-21 15:40:06.580 [ForkJoinPool-2-worker-5] DEBUG model.Game - Returning Game instance
2025-07-21 15:40:06.581 [ForkJoinPool-2-worker-4] DEBUG model.Game - Returning Game instance
2025-07-21 15:40:06.580 [ForkJoinPool-2-worker-9] DEBUG model.Game - Returning Game instance
2025-07-21 15:40:06.581 [ForkJoinPool-2-worker-10] DEBUG model.Game - Returning Game instance
2025-07-21 15:40:06.581 [ForkJoinPool-2-worker-2] DEBUG model.Game - Returning Game instance
2025-07-21 15:40:06.581 [ForkJoinPool-2-worker-5] DEBUG model.Game - Returning Game instance
2025-07-21 15:40:06.581 [ForkJoinPool-2-worker-3] DEBUG model.Game - Returning Game instance
2025-07-21 15:40:06.581 [ForkJoinPool-2-worker-6] DEBUG model.Game - Returning Game instance
2025-07-21 15:40:06.581 [ForkJoinPool-2-worker-10] DEBUG model.Game - Returning Game instance
2025-07-21 15:40:06.581 [ForkJoinPool-2-worker-9] DEBUG model.Game - Returning Game instance
2025-07-21 15:40:06.581 [ForkJoinPool-2-worker-1] DEBUG model.Game - Returning Game instance
2025-07-21 15:40:06.581 [ForkJoinPool-2-worker-1] DEBUG model.Game - Returning Game instance
2025-07-21 15:40:06.581 [ForkJoinPool-2-worker-4] DEBUG model.Game - Returning Game instance
2025-07-21 15:40:06.581 [ForkJoinPool-2-worker-8] DEBUG model.Game - Returning Game instance
2025-07-21 15:40:06.581 [ForkJoinPool-2-worker-3] DEBUG model.Game - Returning Game instance
2025-07-21 15:40:06.581 [ForkJoinPool-2-worker-6] DEBUG model.Game - Returning Game instance
2025-07-21 15:40:06.581 [ForkJoinPool-2-worker-8] DEBUG model.Game - Returning Game instance
2025-07-21 15:40:06.581 [ForkJoinPool-2-worker-6] DEBUG model.Game - Returning Game instance
2025-07-21 15:40:06.581 [ForkJoinPool-2-worker-4] DEBUG model.Game - Returning Game instance
2025-07-21 15:40:06.583 [ForkJoinPool-2-worker-11] DEBUG model.Game - Returning Game instance
2025-07-21 15:40:06.583 [ForkJoinPool-2-worker-11] DEBUG model.Game - Returning Game instance
2025-07-21 15:40:06.584 [ForkJoinPool-2-worker-11] DEBUG model.Game - Returning Game instance
2025-07-21 15:40:06.584 [ForkJoinPool-2-worker-11] DEBUG model.Game - Returning Game instance
2025-07-21 15:40:06.584 [ForkJoinPool-2-worker-11] DEBUG model.Game - Returning Game instance
2025-07-21 15:40:06.584 [ForkJoinPool-2-worker-9] DEBUG model.Game - Returning Game instance
2025-07-21 15:40:06.584 [ForkJoinPool-2-worker-11] DEBUG model.Game - Returning Game instance
2025-07-21 15:40:06.584 [ForkJoinPool-2-worker-9] DEBUG model.Game - Returning Game instance
2025-07-21 15:40:06.584 [ForkJoinPool-2-worker-11] DEBUG model.Game - Returning Game instance
2025-07-21 15:40:06.584 [ForkJoinPool-2-worker-9] DEBUG model.Game - Returning Game instance
2025-07-21 15:40:06.584 [ForkJoinPool-2-worker-11] DEBUG model.Game - Returning Game instance
2025-07-21 15:40:06.584 [ForkJoinPool-2-worker-10] DEBUG model.Game - Returning Game instance
2025-07-21 15:40:06.584 [ForkJoinPool-2-worker-9] DEBUG model.Game - Returning Game instance
2025-07-21 15:40:06.584 [ForkJoinPool-2-worker-11] DEBUG model.Game - Returning Game instance
2025-07-21 15:40:06.584 [ForkJoinPool-2-worker-10] DEBUG model.Game - Returning Game instance
2025-07-21 15:40:06.584 [ForkJoinPool-2-worker-11] DEBUG model.Game - Returning Game instance
2025-07-21 15:40:06.584 [ForkJoinPool-2-worker-10] DEBUG model.Game - Returning Game instance
2025-07-21 15:40:06.584 [ForkJoinPool-2-worker-9] DEBUG model.Game - Returning Game instance
2025-07-21 15:40:06.585 [ForkJoinPool-2-worker-10] DEBUG model.Game - Returning Game instance
2025-07-21 15:40:06.585 [ForkJoinPool-2-worker-11] DEBUG model.Game - Returning Game instance
2025-07-21 15:40:06.585 [ForkJoinPool-2-worker-11] DEBUG model.Game - Returning Game instance
2025-07-21 15:40:06.585 [ForkJoinPool-2-worker-9] DEBUG model.Game - Returning Game instance
2025-07-21 15:40:06.585 [ForkJoinPool-2-worker-10] DEBUG model.Game - Returning Game instance
2025-07-21 15:40:06.585 [ForkJoinPool-2-worker-5] DEBUG model.Game - Returning Game instance
2025-07-21 15:40:06.585 [ForkJoinPool-2-worker-9] DEBUG model.Game - Returning Game instance
2025-07-21 15:40:06.585 [ForkJoinPool-2-worker-10] DEBUG model.Game - Returning Game instance
2025-07-21 15:40:06.585 [ForkJoinPool-2-worker-11] DEBUG model.Game - Returning Game instance
2025-07-21 15:40:06.585 [ForkJoinPool-2-worker-7] DEBUG model.Game - Returning Game instance
2025-07-21 15:40:06.585 [ForkJoinPool-2-worker-9] DEBUG model.Game - Returning Game instance
2025-07-21 15:40:06.585 [ForkJoinPool-2-worker-7] DEBUG model.Game - Returning Game instance
2025-07-21 15:40:06.585 [ForkJoinPool-2-worker-11] DEBUG model.Game - Returning Game instance
2025-07-21 15:40:06.585 [ForkJoinPool-2-worker-5] DEBUG model.Game - Returning Game instance
2025-07-21 15:40:06.585 [ForkJoinPool-2-worker-10] DEBUG model.Game - Returning Game instance
2025-07-21 15:40:06.585 [ForkJoinPool-2-worker-9] DEBUG model.Game - Returning Game instance
2025-07-21 15:40:06.585 [ForkJoinPool-2-worker-11] DEBUG model.Game - Returning Game instance
2025-07-21 15:40:06.585 [ForkJoinPool-2-worker-8] DEBUG model.Game - Returning Game instance
2025-07-21 15:40:06.585 [ForkJoinPool-2-worker-7] DEBUG model.Game - Returning Game instance
2025-07-21 15:40:06.585 [ForkJoinPool-2-worker-9] DEBUG model.Game - Returning Game instance
2025-07-21 15:40:06.585 [ForkJoinPool-2-worker-7] DEBUG model.Game - Returning Game instance
2025-07-21 15:40:06.585 [ForkJoinPool-2-worker-5] DEBUG model.Game - Returning Game instance
2025-07-21 15:40:06.585 [ForkJoinPool-2-worker-11] DEBUG model.Game - Returning Game instance
2025-07-21 15:40:06.585 [ForkJoinPool-2-worker-8] DEBUG model.Game - Returning Game instance
2025-07-21 15:40:06.585 [ForkJoinPool-2-worker-10] DEBUG model.Game - Returning Game instance
2025-07-21 15:40:06.586 [ForkJoinPool-2-worker-7] DEBUG model.Game - Returning Game instance
2025-07-21 15:40:06.585 [ForkJoinPool-2-worker-9] DEBUG model.Game - Returning Game instance
2025-07-21 15:40:06.586 [ForkJoinPool-2-worker-8] DEBUG model.Game - Returning Game instance
2025-07-21 15:40:06.586 [ForkJoinPool-2-worker-9] DEBUG model.Game - Returning Game instance
2025-07-21 15:40:06.586 [ForkJoinPool-2-worker-2] DEBUG model.Game - Returning Game instance
2025-07-21 15:40:06.586 [ForkJoinPool-2-worker-10] DEBUG model.Game - Returning Game instance
2025-07-21 15:40:06.586 [ForkJoinPool-2-worker-8] DEBUG model.Game - Returning Game instance
2025-07-21 15:40:06.586 [ForkJoinPool-2-worker-5] DEBUG model.Game - Returning Game instance
2025-07-21 15:40:06.586 [ForkJoinPool-2-worker-9] DEBUG model.Game - Returning Game instance
2025-07-21 15:40:06.586 [ForkJoinPool-2-worker-7] DEBUG model.Game - Returning Game instance
2025-07-21 15:40:06.586 [ForkJoinPool-2-worker-9] DEBUG model.Game - Returning Game instance
2025-07-21 15:40:06.586 [ForkJoinPool-2-worker-2] DEBUG model.Game - Returning Game instance
2025-07-21 15:40:06.586 [ForkJoinPool-2-worker-8] DEBUG model.Game - Returning Game instance
2025-07-21 15:40:06.586 [ForkJoinPool-2-worker-7] DEBUG model.Game - Returning Game instance
2025-07-21 15:40:06.586 [ForkJoinPool-2-worker-10] DEBUG model.Game - Returning Game instance
2025-07-21 15:40:06.586 [ForkJoinPool-2-worker-7] DEBUG model.Game - Returning Game instance
2025-07-21 15:40:06.586 [ForkJoinPool-2-worker-2] DEBUG model.Game - Returning Game instance
2025-07-21 15:40:06.586 [ForkJoinPool-2-worker-5] DEBUG model.Game - Returning Game instance
2025-07-21 15:40:06.586 [ForkJoinPool-2-worker-2] DEBUG model.Game - Returning Game instance
2025-07-21 15:40:06.586 [ForkJoinPool-2-worker-1] DEBUG model.Game - Returning Game instance
2025-07-21 15:40:06.586 [ForkJoinPool-2-worker-11] DEBUG model.Game - Returning Game instance
2025-07-21 15:40:06.586 [ForkJoinPool-2-worker-9] DEBUG model.Game - Returning Game instance
2025-07-21 15:40:06.586 [ForkJoinPool-2-worker-6] DEBUG model.Game - Returning Game instance
2025-07-21 15:40:06.586 [ForkJoinPool-2-worker-11] DEBUG model.Game - Returning Game instance
2025-07-21 15:40:06.586 [ForkJoinPool-2-worker-1] DEBUG model.Game - Returning Game instance
2025-07-21 15:40:06.586 [ForkJoinPool-2-worker-8] DEBUG model.Game - Returning Game instance
2025-07-21 15:40:06.586 [ForkJoinPool-2-worker-5] DEBUG model.Game - Returning Game instance
2025-07-21 15:40:06.586 [ForkJoinPool-2-worker-9] DEBUG model.Game - Returning Game instance
2025-07-21 15:40:06.586 [ForkJoinPool-2-worker-6] DEBUG model.Game - Returning Game instance
2025-07-21 15:40:10.099 [JavaFX Application Thread] DEBUG model.Game - Ending turn. Current turn was: NPC
2025-07-21 15:40:10.100 [JavaFX Application Thread] INFO  model.Game - Turn changed from NPC to Player
2025-07-21 15:41:14.807 [JavaFX Application Thread] DEBUG model.Game - Returning Game instance
2025-07-21 15:41:14.809 [JavaFX Application Thread] INFO  model.Game - Setting up game with NPC: NPC
2025-07-21 15:41:14.809 [JavaFX Application Thread] INFO  model.Game - Game setup complete with bet: 100
2025-07-21 15:41:14.812 [JavaFX Application Thread] DEBUG model.Game - Returning Game instance
2025-07-21 15:41:14.901 [JavaFX Application Thread] INFO  model.Game - Attempting to start the game
2025-07-21 15:41:14.901 [JavaFX Application Thread] INFO  model.Game - Game started successfully. First turn: Player
2025-07-21 15:41:40.320 [JavaFX Application Thread] DEBUG model.Game - Ending turn. Current turn was: Player
2025-07-21 15:41:40.321 [JavaFX Application Thread] INFO  model.Game - Turn changed from Player to NPC
2025-07-21 15:41:40.323 [ForkJoinPool-2-worker-6] DEBUG model.Game - Returning Game instance
2025-07-21 15:41:40.323 [ForkJoinPool-2-worker-9] DEBUG model.Game - Returning Game instance
2025-07-21 15:41:40.323 [ForkJoinPool-2-worker-6] DEBUG model.Game - Returning Game instance
2025-07-21 15:41:40.323 [ForkJoinPool-2-worker-9] DEBUG model.Game - Returning Game instance
2025-07-21 15:41:43.832 [JavaFX Application Thread] DEBUG model.Game - Ending turn. Current turn was: NPC
2025-07-21 15:41:43.833 [JavaFX Application Thread] INFO  model.Game - Turn changed from NPC to Player
2025-07-21 15:41:48.785 [JavaFX Application Thread] DEBUG model.Game - Ending turn. Current turn was: Player
2025-07-21 15:41:48.787 [JavaFX Application Thread] INFO  model.Game - Turn changed from Player to NPC
2025-07-21 15:41:48.788 [ForkJoinPool-2-worker-5] DEBUG model.Game - Returning Game instance
2025-07-21 15:41:48.788 [ForkJoinPool-2-worker-4] DEBUG model.Game - Returning Game instance
2025-07-21 15:41:48.788 [ForkJoinPool-2-worker-6] DEBUG model.Game - Returning Game instance
2025-07-21 15:41:48.788 [ForkJoinPool-2-worker-4] DEBUG model.Game - Returning Game instance
2025-07-21 15:41:48.788 [ForkJoinPool-2-worker-6] DEBUG model.Game - Returning Game instance
2025-07-21 15:41:48.788 [ForkJoinPool-2-worker-5] DEBUG model.Game - Returning Game instance
2025-07-21 15:41:48.789 [ForkJoinPool-2-worker-1] DEBUG model.Game - Returning Game instance
2025-07-21 15:41:48.789 [ForkJoinPool-2-worker-1] DEBUG model.Game - Returning Game instance
2025-07-21 15:41:48.789 [ForkJoinPool-2-worker-5] DEBUG model.Game - Returning Game instance
2025-07-21 15:41:48.789 [ForkJoinPool-2-worker-5] DEBUG model.Game - Returning Game instance
2025-07-21 15:41:48.789 [ForkJoinPool-2-worker-2] DEBUG model.Game - Returning Game instance
2025-07-21 15:41:48.790 [ForkJoinPool-2-worker-7] DEBUG model.Game - Returning Game instance
2025-07-21 15:41:48.790 [ForkJoinPool-2-worker-2] DEBUG model.Game - Returning Game instance
2025-07-21 15:41:48.789 [ForkJoinPool-2-worker-8] DEBUG model.Game - Returning Game instance
2025-07-21 15:41:48.790 [ForkJoinPool-2-worker-8] DEBUG model.Game - Returning Game instance
2025-07-21 15:41:48.788 [ForkJoinPool-2-worker-9] DEBUG model.Game - Returning Game instance
2025-07-21 15:41:48.790 [ForkJoinPool-2-worker-8] DEBUG model.Game - Returning Game instance
2025-07-21 15:41:48.790 [ForkJoinPool-2-worker-10] DEBUG model.Game - Returning Game instance
2025-07-21 15:41:48.790 [ForkJoinPool-2-worker-8] DEBUG model.Game - Returning Game instance
2025-07-21 15:41:48.790 [ForkJoinPool-2-worker-10] DEBUG model.Game - Returning Game instance
2025-07-21 15:41:48.790 [ForkJoinPool-2-worker-7] DEBUG model.Game - Returning Game instance
2025-07-21 15:41:48.790 [ForkJoinPool-2-worker-2] DEBUG model.Game - Returning Game instance
2025-07-21 15:41:48.790 [ForkJoinPool-2-worker-9] DEBUG model.Game - Returning Game instance
2025-07-21 15:41:48.790 [ForkJoinPool-2-worker-11] DEBUG model.Game - Returning Game instance
2025-07-21 15:41:48.791 [ForkJoinPool-2-worker-2] DEBUG model.Game - Returning Game instance
2025-07-21 15:41:48.791 [ForkJoinPool-2-worker-11] DEBUG model.Game - Returning Game instance
2025-07-21 15:41:48.791 [ForkJoinPool-2-worker-6] DEBUG model.Game - Returning Game instance
2025-07-21 15:41:48.792 [ForkJoinPool-2-worker-2] DEBUG model.Game - Returning Game instance
2025-07-21 15:41:48.792 [ForkJoinPool-2-worker-6] DEBUG model.Game - Returning Game instance
2025-07-21 15:41:48.792 [ForkJoinPool-2-worker-10] DEBUG model.Game - Returning Game instance
2025-07-21 15:41:48.792 [ForkJoinPool-2-worker-4] DEBUG model.Game - Returning Game instance
2025-07-21 15:41:48.792 [ForkJoinPool-2-worker-2] DEBUG model.Game - Returning Game instance
2025-07-21 15:41:48.792 [ForkJoinPool-2-worker-10] DEBUG model.Game - Returning Game instance
2025-07-21 15:41:48.792 [ForkJoinPool-2-worker-5] DEBUG model.Game - Returning Game instance
2025-07-21 15:41:48.792 [ForkJoinPool-2-worker-4] DEBUG model.Game - Returning Game instance
2025-07-21 15:41:48.792 [ForkJoinPool-2-worker-6] DEBUG model.Game - Returning Game instance
2025-07-21 15:41:48.792 [ForkJoinPool-2-worker-5] DEBUG model.Game - Returning Game instance
2025-07-21 15:41:48.792 [ForkJoinPool-2-worker-6] DEBUG model.Game - Returning Game instance
2025-07-21 15:41:52.315 [JavaFX Application Thread] DEBUG model.Game - Ending turn. Current turn was: NPC
2025-07-21 15:41:52.315 [JavaFX Application Thread] INFO  model.Game - Turn changed from NPC to Player
2025-07-21 15:41:59.527 [JavaFX Application Thread] DEBUG model.Game - Ending turn. Current turn was: Player
2025-07-21 15:41:59.528 [JavaFX Application Thread] INFO  model.Game - Turn changed from Player to NPC
2025-07-21 15:41:59.529 [ForkJoinPool-2-worker-9] DEBUG model.Game - Returning Game instance
2025-07-21 15:41:59.529 [ForkJoinPool-2-worker-5] DEBUG model.Game - Returning Game instance
2025-07-21 15:41:59.529 [ForkJoinPool-2-worker-6] DEBUG model.Game - Returning Game instance
2025-07-21 15:41:59.529 [ForkJoinPool-2-worker-9] DEBUG model.Game - Returning Game instance
2025-07-21 15:41:59.529 [ForkJoinPool-2-worker-5] DEBUG model.Game - Returning Game instance
2025-07-21 15:41:59.529 [ForkJoinPool-2-worker-6] DEBUG model.Game - Returning Game instance
2025-07-21 15:41:59.529 [ForkJoinPool-2-worker-9] DEBUG model.Game - Returning Game instance
2025-07-21 15:41:59.530 [ForkJoinPool-2-worker-7] DEBUG model.Game - Returning Game instance
2025-07-21 15:41:59.530 [ForkJoinPool-2-worker-9] DEBUG model.Game - Returning Game instance
2025-07-21 15:41:59.530 [ForkJoinPool-2-worker-7] DEBUG model.Game - Returning Game instance
2025-07-21 15:42:02.447 [ForkJoinPool-2-worker-6] DEBUG model.Game - Returning Game instance
2025-07-21 15:42:02.448 [ForkJoinPool-2-worker-6] DEBUG model.Game - Returning Game instance
2025-07-21 15:42:04.965 [JavaFX Application Thread] DEBUG model.Game - Ending turn. Current turn was: NPC
2025-07-21 15:42:04.966 [JavaFX Application Thread] INFO  model.Game - Turn changed from NPC to Player
2025-07-21 15:42:12.576 [JavaFX Application Thread] DEBUG model.Game - Ending turn. Current turn was: Player
2025-07-21 15:42:12.577 [JavaFX Application Thread] INFO  model.Game - Turn changed from Player to NPC
2025-07-21 15:42:12.578 [ForkJoinPool-2-worker-6] DEBUG model.Game - Returning Game instance
2025-07-21 15:42:12.578 [ForkJoinPool-2-worker-7] DEBUG model.Game - Returning Game instance
2025-07-21 15:42:12.578 [ForkJoinPool-2-worker-5] DEBUG model.Game - Returning Game instance
2025-07-21 15:42:12.578 [ForkJoinPool-2-worker-7] DEBUG model.Game - Returning Game instance
2025-07-21 15:42:12.578 [ForkJoinPool-2-worker-6] DEBUG model.Game - Returning Game instance
2025-07-21 15:42:12.578 [ForkJoinPool-2-worker-10] DEBUG model.Game - Returning Game instance
2025-07-21 15:42:12.578 [ForkJoinPool-2-worker-9] DEBUG model.Game - Returning Game instance
2025-07-21 15:42:12.579 [ForkJoinPool-2-worker-6] DEBUG model.Game - Returning Game instance
2025-07-21 15:42:12.578 [ForkJoinPool-2-worker-5] DEBUG model.Game - Returning Game instance
2025-07-21 15:42:12.579 [ForkJoinPool-2-worker-2] DEBUG model.Game - Returning Game instance
2025-07-21 15:42:12.579 [ForkJoinPool-2-worker-6] DEBUG model.Game - Returning Game instance
2025-07-21 15:42:12.579 [ForkJoinPool-2-worker-2] DEBUG model.Game - Returning Game instance
2025-07-21 15:42:12.579 [ForkJoinPool-2-worker-9] DEBUG model.Game - Returning Game instance
2025-07-21 15:42:12.579 [ForkJoinPool-2-worker-2] DEBUG model.Game - Returning Game instance
2025-07-21 15:42:12.579 [ForkJoinPool-2-worker-2] DEBUG model.Game - Returning Game instance
2025-07-21 15:42:12.579 [ForkJoinPool-2-worker-2] DEBUG model.Game - Returning Game instance
2025-07-21 15:42:12.579 [ForkJoinPool-2-worker-7] DEBUG model.Game - Returning Game instance
2025-07-21 15:42:12.578 [ForkJoinPool-2-worker-4] DEBUG model.Game - Returning Game instance
2025-07-21 15:42:12.579 [ForkJoinPool-2-worker-2] DEBUG model.Game - Returning Game instance
2025-07-21 15:42:12.579 [ForkJoinPool-2-worker-4] DEBUG model.Game - Returning Game instance
2025-07-21 15:42:12.579 [ForkJoinPool-2-worker-10] DEBUG model.Game - Returning Game instance
2025-07-21 15:42:12.579 [ForkJoinPool-2-worker-7] DEBUG model.Game - Returning Game instance
2025-07-21 15:42:12.579 [ForkJoinPool-2-worker-8] DEBUG model.Game - Returning Game instance
2025-07-21 15:42:12.579 [ForkJoinPool-2-worker-8] DEBUG model.Game - Returning Game instance
2025-07-21 15:42:12.580 [ForkJoinPool-2-worker-2] DEBUG model.Game - Returning Game instance
2025-07-21 15:42:12.580 [ForkJoinPool-2-worker-9] DEBUG model.Game - Returning Game instance
2025-07-21 15:42:12.580 [ForkJoinPool-2-worker-8] DEBUG model.Game - Returning Game instance
2025-07-21 15:42:12.579 [ForkJoinPool-2-worker-11] DEBUG model.Game - Returning Game instance
2025-07-21 15:42:12.580 [ForkJoinPool-2-worker-5] DEBUG model.Game - Returning Game instance
2025-07-21 15:42:12.580 [ForkJoinPool-2-worker-11] DEBUG model.Game - Returning Game instance
2025-07-21 15:42:12.580 [ForkJoinPool-2-worker-8] DEBUG model.Game - Returning Game instance
2025-07-21 15:42:12.580 [ForkJoinPool-2-worker-9] DEBUG model.Game - Returning Game instance
2025-07-21 15:42:12.580 [ForkJoinPool-2-worker-7] DEBUG model.Game - Returning Game instance
2025-07-21 15:42:12.580 [ForkJoinPool-2-worker-1] DEBUG model.Game - Returning Game instance
2025-07-21 15:42:12.580 [ForkJoinPool-2-worker-2] DEBUG model.Game - Returning Game instance
2025-07-21 15:42:12.580 [ForkJoinPool-2-worker-5] DEBUG model.Game - Returning Game instance
2025-07-21 15:42:12.580 [ForkJoinPool-2-worker-1] DEBUG model.Game - Returning Game instance
2025-07-21 15:42:12.580 [ForkJoinPool-2-worker-7] DEBUG model.Game - Returning Game instance
2025-07-21 15:42:16.096 [JavaFX Application Thread] DEBUG model.Game - Ending turn. Current turn was: NPC
2025-07-21 15:42:16.097 [JavaFX Application Thread] INFO  model.Game - Turn changed from NPC to Player
2025-07-21 15:42:25.504 [JavaFX Application Thread] DEBUG model.Game - Ending turn. Current turn was: Player
2025-07-21 15:42:25.506 [JavaFX Application Thread] INFO  model.Game - Turn changed from Player to NPC
2025-07-21 15:42:25.507 [ForkJoinPool-2-worker-4] DEBUG model.Game - Returning Game instance
2025-07-21 15:42:25.507 [ForkJoinPool-2-worker-7] DEBUG model.Game - Returning Game instance
2025-07-21 15:42:25.507 [ForkJoinPool-2-worker-2] DEBUG model.Game - Returning Game instance
2025-07-21 15:42:25.507 [ForkJoinPool-2-worker-10] DEBUG model.Game - Returning Game instance
2025-07-21 15:42:25.508 [ForkJoinPool-2-worker-7] DEBUG model.Game - Returning Game instance
2025-07-21 15:42:25.508 [ForkJoinPool-2-worker-4] DEBUG model.Game - Returning Game instance
2025-07-21 15:42:25.508 [ForkJoinPool-2-worker-10] DEBUG model.Game - Returning Game instance
2025-07-21 15:42:25.508 [ForkJoinPool-2-worker-2] DEBUG model.Game - Returning Game instance
2025-07-21 15:42:25.508 [ForkJoinPool-2-worker-1] DEBUG model.Game - Returning Game instance
2025-07-21 15:42:25.508 [ForkJoinPool-2-worker-1] DEBUG model.Game - Returning Game instance
2025-07-21 15:42:25.508 [ForkJoinPool-2-worker-5] DEBUG model.Game - Returning Game instance
2025-07-21 15:42:25.509 [ForkJoinPool-2-worker-5] DEBUG model.Game - Returning Game instance
2025-07-21 15:42:29.031 [JavaFX Application Thread] DEBUG model.Game - Ending turn. Current turn was: NPC
2025-07-21 15:42:29.031 [JavaFX Application Thread] INFO  model.Game - Turn changed from NPC to Player
2025-07-21 15:42:54.510 [JavaFX Application Thread] DEBUG model.Game - Ending turn. Current turn was: Player
2025-07-21 15:42:54.512 [JavaFX Application Thread] INFO  model.Game - Turn changed from Player to NPC
2025-07-21 15:42:54.512 [ForkJoinPool-2-worker-2] DEBUG model.Game - Returning Game instance
2025-07-21 15:42:54.513 [ForkJoinPool-2-worker-5] DEBUG model.Game - Returning Game instance
2025-07-21 15:42:54.513 [ForkJoinPool-2-worker-2] DEBUG model.Game - Returning Game instance
2025-07-21 15:42:54.513 [ForkJoinPool-2-worker-7] DEBUG model.Game - Returning Game instance
2025-07-21 15:42:54.513 [ForkJoinPool-2-worker-5] DEBUG model.Game - Returning Game instance
2025-07-21 15:42:54.513 [ForkJoinPool-2-worker-7] DEBUG model.Game - Returning Game instance
2025-07-21 15:42:54.513 [ForkJoinPool-2-worker-2] DEBUG model.Game - Returning Game instance
2025-07-21 15:42:54.513 [ForkJoinPool-2-worker-2] DEBUG model.Game - Returning Game instance
2025-07-21 15:42:54.513 [ForkJoinPool-2-worker-10] DEBUG model.Game - Returning Game instance
2025-07-21 15:42:54.513 [ForkJoinPool-2-worker-10] DEBUG model.Game - Returning Game instance
2025-07-21 15:43:00.743 [JavaFX Application Thread] DEBUG model.Game - Ending turn. Current turn was: NPC
2025-07-21 15:43:00.744 [JavaFX Application Thread] INFO  model.Game - Turn changed from NPC to Player
2025-07-21 15:43:24.798 [JavaFX Application Thread] DEBUG model.Game - Ending turn. Current turn was: Player
2025-07-21 15:43:24.800 [JavaFX Application Thread] INFO  model.Game - Turn changed from Player to NPC
2025-07-21 15:43:24.801 [ForkJoinPool-2-worker-7] DEBUG model.Game - Returning Game instance
2025-07-21 15:43:24.801 [ForkJoinPool-2-worker-7] DEBUG model.Game - Returning Game instance
2025-07-21 15:43:24.801 [ForkJoinPool-2-worker-5] DEBUG model.Game - Returning Game instance
2025-07-21 15:43:24.801 [ForkJoinPool-2-worker-5] DEBUG model.Game - Returning Game instance
2025-07-21 15:43:24.801 [ForkJoinPool-2-worker-10] DEBUG model.Game - Returning Game instance
2025-07-21 15:43:24.801 [ForkJoinPool-2-worker-2] DEBUG model.Game - Returning Game instance
2025-07-21 15:43:24.801 [ForkJoinPool-2-worker-10] DEBUG model.Game - Returning Game instance
2025-07-21 15:43:24.802 [ForkJoinPool-2-worker-2] DEBUG model.Game - Returning Game instance
2025-07-21 15:43:24.801 [ForkJoinPool-2-worker-4] DEBUG model.Game - Returning Game instance
2025-07-21 15:43:24.802 [ForkJoinPool-2-worker-4] DEBUG model.Game - Returning Game instance
2025-07-21 15:43:24.802 [ForkJoinPool-2-worker-9] DEBUG model.Game - Returning Game instance
2025-07-21 15:43:24.802 [ForkJoinPool-2-worker-1] DEBUG model.Game - Returning Game instance
2025-07-21 15:43:24.801 [ForkJoinPool-2-worker-7] DEBUG model.Game - Returning Game instance
2025-07-21 15:43:24.801 [ForkJoinPool-2-worker-11] DEBUG model.Game - Returning Game instance
2025-07-21 15:43:24.802 [ForkJoinPool-2-worker-8] DEBUG model.Game - Returning Game instance
2025-07-21 15:43:24.802 [ForkJoinPool-2-worker-7] DEBUG model.Game - Returning Game instance
2025-07-21 15:43:24.802 [ForkJoinPool-2-worker-9] DEBUG model.Game - Returning Game instance
2025-07-21 15:43:24.802 [ForkJoinPool-2-worker-11] DEBUG model.Game - Returning Game instance
2025-07-21 15:43:24.802 [ForkJoinPool-2-worker-9] DEBUG model.Game - Returning Game instance
2025-07-21 15:43:24.802 [ForkJoinPool-2-worker-1] DEBUG model.Game - Returning Game instance
2025-07-21 15:43:24.802 [ForkJoinPool-2-worker-8] DEBUG model.Game - Returning Game instance
2025-07-21 15:43:24.802 [ForkJoinPool-2-worker-1] DEBUG model.Game - Returning Game instance
2025-07-21 15:43:24.803 [ForkJoinPool-2-worker-8] DEBUG model.Game - Returning Game instance
2025-07-21 15:43:24.802 [ForkJoinPool-2-worker-6] DEBUG model.Game - Returning Game instance
2025-07-21 15:43:24.802 [ForkJoinPool-2-worker-9] DEBUG model.Game - Returning Game instance
2025-07-21 15:43:24.803 [ForkJoinPool-2-worker-5] DEBUG model.Game - Returning Game instance
2025-07-21 15:43:24.803 [ForkJoinPool-2-worker-4] DEBUG model.Game - Returning Game instance
2025-07-21 15:43:24.803 [ForkJoinPool-2-worker-1] DEBUG model.Game - Returning Game instance
2025-07-21 15:43:24.803 [ForkJoinPool-2-worker-8] DEBUG model.Game - Returning Game instance
2025-07-21 15:43:24.803 [ForkJoinPool-2-worker-6] DEBUG model.Game - Returning Game instance
2025-07-21 15:43:24.803 [ForkJoinPool-2-worker-1] DEBUG model.Game - Returning Game instance
2025-07-21 15:43:24.803 [ForkJoinPool-2-worker-5] DEBUG model.Game - Returning Game instance
2025-07-21 15:43:24.803 [ForkJoinPool-2-worker-9] DEBUG model.Game - Returning Game instance
2025-07-21 15:43:24.803 [ForkJoinPool-2-worker-10] DEBUG model.Game - Returning Game instance
2025-07-21 15:43:24.803 [ForkJoinPool-2-worker-1] DEBUG model.Game - Returning Game instance
2025-07-21 15:43:24.803 [ForkJoinPool-2-worker-4] DEBUG model.Game - Returning Game instance
2025-07-21 15:43:24.803 [ForkJoinPool-2-worker-10] DEBUG model.Game - Returning Game instance
2025-07-21 15:43:24.803 [ForkJoinPool-2-worker-9] DEBUG model.Game - Returning Game instance
2025-07-21 15:43:28.331 [JavaFX Application Thread] DEBUG model.Game - Ending turn. Current turn was: NPC
2025-07-21 15:43:28.332 [JavaFX Application Thread] INFO  model.Game - Turn changed from NPC to Player
2025-07-21 15:43:37.469 [JavaFX Application Thread] DEBUG model.Game - Ending turn. Current turn was: Player
2025-07-21 15:43:37.470 [JavaFX Application Thread] INFO  model.Game - Turn changed from Player to NPC
2025-07-21 15:43:37.471 [ForkJoinPool-2-worker-2] DEBUG model.Game - Returning Game instance
2025-07-21 15:43:37.472 [ForkJoinPool-2-worker-2] DEBUG model.Game - Returning Game instance
2025-07-21 15:43:43.210 [JavaFX Application Thread] DEBUG model.Game - Ending turn. Current turn was: NPC
2025-07-21 15:43:43.211 [JavaFX Application Thread] INFO  model.Game - Turn changed from NPC to Player
2025-07-21 15:43:52.568 [JavaFX Application Thread] DEBUG model.Game - Ending turn. Current turn was: Player
2025-07-21 15:43:52.570 [JavaFX Application Thread] INFO  model.Game - Turn changed from Player to NPC
